c:\users\administrator\desktop\healthtips\healthtips\release\healthtips.pch
c:\users\administrator\desktop\healthtips\healthtips\release\vc141.pdb
c:\users\administrator\desktop\healthtips\healthtips\release\stdafx.obj
c:\users\administrator\desktop\healthtips\healthtips\release\healthtipsdlg.obj
c:\users\administrator\desktop\healthtips\healthtips\release\healthtips.obj
c:\users\administrator\desktop\healthtips\release\healthtips.ipdb
c:\users\administrator\desktop\healthtips\release\healthtips.iobj
c:\users\administrator\desktop\healthtips\release\healthtips.exe
c:\users\administrator\desktop\healthtips\release\healthtips.pdb
c:\users\administrator\desktop\healthtips\healthtips\release\healthtips.res
c:\users\administrator\desktop\healthtips\healthtips\release\healthtips.tlog\cl.command.1.tlog
c:\users\administrator\desktop\healthtips\healthtips\release\healthtips.tlog\cl.read.1.tlog
c:\users\administrator\desktop\healthtips\healthtips\release\healthtips.tlog\cl.write.1.tlog
c:\users\administrator\desktop\healthtips\healthtips\release\healthtips.tlog\healthtips.write.1u.tlog
c:\users\administrator\desktop\healthtips\healthtips\release\healthtips.tlog\link.command.1.tlog
c:\users\administrator\desktop\healthtips\healthtips\release\healthtips.tlog\link.read.1.tlog
c:\users\administrator\desktop\healthtips\healthtips\release\healthtips.tlog\link.write.1.tlog
c:\users\administrator\desktop\healthtips\healthtips\release\healthtips.tlog\rc.command.1.tlog
c:\users\administrator\desktop\healthtips\healthtips\release\healthtips.tlog\rc.read.1.tlog
c:\users\administrator\desktop\healthtips\healthtips\release\healthtips.tlog\rc.write.1.tlog
